#
# There is insufficient memory for the Java Runtime Environment to continue.
# Native memory allocation (malloc) failed to allocate 1048576 bytes for AllocateHeap
# Possible reasons:
#   The system is out of physical RAM or swap space
#   In 32 bit mode, the process size limit was hit
# Possible solutions:
#   Reduce memory load on the system
#   Increase physical memory or swap space
#   Check if swap backing store is full
#   Use 64 bit Java on a 64 bit OS
#   Decrease Java heap size (-Xmx/-Xms)
#   Decrease number of Java threads
#   Decrease Java thread stack sizes (-Xss)
#   Set larger code cache with -XX:ReservedCodeCacheSize=
# This output file may be truncated or incomplete.
#
#  Out of Memory Error (memory/allocation.inline.hpp:61), pid=4724, tid=0x0000000000003fa4
#
# JRE version:  (8.0_191-b12) (build )
# Java VM: Java HotSpot(TM) 64-Bit Server VM (25.191-b12 mixed mode windows-amd64 compressed oops)
# Failed to write core dump. Minidumps are not enabled by default on client versions of Windows
#

---------------  T H R E A D  ---------------

Current thread (0x0000000002a0e000):  JavaThread "Unknown thread" [_thread_in_vm, id=16292, stack(0x0000000002900000,0x0000000002a00000)]

Stack: [0x0000000002900000,0x0000000002a00000]
[error occurred during error reporting (printing stack bounds), id 0xc0000005]

Native frames: (J=compiled Java code, j=interpreted, Vv=VM code, C=native code)


---------------  P R O C E S S  ---------------

Java Threads: ( => current thread )

Other Threads:

=>0x0000000002a0e000 (exited) JavaThread "Unknown thread" [_thread_in_vm, id=16292, stack(0x0000000002900000,0x0000000002a00000)]

VM state:not at safepoint (normal execution)

VM Mutex/Monitor currently owned by a thread: None

Heap:
 PSYoungGen      total 38400K, used 665K [0x00000000d5d00000, 0x00000000d8780000, 0x0000000100000000)
  eden space 33280K, 2% used [0x00000000d5d00000,0x00000000d5da6670,0x00000000d7d80000)
  from space 5120K, 0% used [0x00000000d8280000,0x00000000d8280000,0x00000000d8780000)
  to   space 5120K, 0% used [0x00000000d7d80000,0x00000000d7d80000,0x00000000d8280000)
 ParOldGen       total 87552K, used 0K [0x0000000081600000, 0x0000000086b80000, 0x00000000d5d00000)
  object space 87552K, 0% used [0x0000000081600000,0x0000000081600000,0x0000000086b80000)
 Metaspace       used 775K, capacity 4480K, committed 4480K, reserved 1056768K
  class space    used 76K, capacity 384K, committed 384K, reserved 1048576K

Card table byte_map: [0x0000000011fc0000,0x00000000123c0000] byte_map_base: 0x0000000011bb5000

Marking Bits: (ParMarkBitMap*) 0x0000000066363e30
 Begin Bits: [0x0000000012a70000, 0x0000000014a18000)
 End Bits:   [0x0000000014a18000, 0x00000000169c0000)

Polling page: 0x00000000007f0000

CodeCache: size=245760Kb used=328Kb max_used=328Kb free=245431Kb
 bounds [0x0000000002c00000, 0x0000000002e70000, 0x0000000011c00000]
 total_blobs=58 nmethods=0 adapters=38
 compilation: enabled

Compilation events (0 events):
No events

GC Heap History (0 events):
No events

Deoptimization events (0 events):
No events

Classes redefined (0 events):
No events

Internal exceptions (0 events):
No events

Events (10 events):
Event: 0.029 loading class java/lang/Short
Event: 0.029 loading class java/lang/Short done
Event: 0.029 loading class java/lang/Integer
Event: 0.029 loading class java/lang/Integer done
Event: 0.029 loading class java/lang/Long
Event: 0.029 loading class java/lang/Long done
Event: 0.030 loading class java/lang/NullPointerException
Event: 0.030 loading class java/lang/NullPointerException done
Event: 0.030 loading class java/lang/ArithmeticException
Event: 0.030 loading class java/lang/ArithmeticException done


Dynamic libraries:
0x00007ff605900000 - 0x00007ff605937000 	C:\Program Files\Java\jdk1.8.0_191\bin\java.exe
0x00007ffc03970000 - 0x00007ffc03b51000 	C:\WINDOWS\SYSTEM32\ntdll.dll
0x00007ffc01160000 - 0x00007ffc01211000 	C:\WINDOWS\System32\KERNEL32.DLL
0x00007ffc00b30000 - 0x00007ffc00da3000 	C:\WINDOWS\System32\KERNELBASE.dll
0x00007ffc01dc0000 - 0x00007ffc01e61000 	C:\WINDOWS\System32\ADVAPI32.dll
0x00007ffc01ed0000 - 0x00007ffc01f6e000 	C:\WINDOWS\System32\msvcrt.dll
0x00007ffc019a0000 - 0x00007ffc019fb000 	C:\WINDOWS\System32\sechost.dll
0x00007ffc022b0000 - 0x00007ffc023d4000 	C:\WINDOWS\System32\RPCRT4.dll
0x00007ffc00e50000 - 0x00007ffc00fe0000 	C:\WINDOWS\System32\USER32.dll
0x00007ffc00130000 - 0x00007ffc00150000 	C:\WINDOWS\System32\win32u.dll
0x00007ffc01a00000 - 0x00007ffc01a28000 	C:\WINDOWS\System32\GDI32.dll
0x00007ffbfff90000 - 0x00007ffc00122000 	C:\WINDOWS\System32\gdi32full.dll
0x00007ffc00a90000 - 0x00007ffc00b2f000 	C:\WINDOWS\System32\msvcp_win.dll
0x00007ffc00910000 - 0x00007ffc00a08000 	C:\WINDOWS\System32\ucrtbase.dll
0x00007ffbf3b20000 - 0x00007ffbf3d89000 	C:\WINDOWS\WinSxS\amd64_microsoft.windows.common-controls_6595b64144ccf1df_6.0.17134.765_none_fb42a1a930655896\COMCTL32.dll
0x00007ffc01f80000 - 0x00007ffc022a2000 	C:\WINDOWS\System32\combase.dll
0x00007ffc00a10000 - 0x00007ffc00a8a000 	C:\WINDOWS\System32\bcryptPrimitives.dll
0x00007ffc00e20000 - 0x00007ffc00e4d000 	C:\WINDOWS\System32\IMM32.DLL
0x00000000663f0000 - 0x00000000664c2000 	C:\Program Files\Java\jdk1.8.0_191\jre\bin\msvcr100.dll
0x0000000065b40000 - 0x00000000663e4000 	C:\Program Files\Java\jdk1.8.0_191\jre\bin\server\jvm.dll
0x00007ffc01f70000 - 0x00007ffc01f78000 	C:\WINDOWS\System32\PSAPI.DLL
0x00007ffbf6160000 - 0x00007ffbf616a000 	C:\WINDOWS\SYSTEM32\VERSION.dll
0x00007ffbfd450000 - 0x00007ffbfd473000 	C:\WINDOWS\SYSTEM32\WINMM.dll
0x00007ffbfd280000 - 0x00007ffbfd289000 	C:\WINDOWS\SYSTEM32\WSOCK32.dll
0x00007ffc01d50000 - 0x00007ffc01dbc000 	C:\WINDOWS\System32\WS2_32.dll
0x00007ffbfd420000 - 0x00007ffbfd44a000 	C:\WINDOWS\SYSTEM32\winmmbase.dll
0x00007ffc00db0000 - 0x00007ffc00df9000 	C:\WINDOWS\System32\cfgmgr32.dll
0x0000000066720000 - 0x000000006672f000 	C:\Program Files\Java\jdk1.8.0_191\jre\bin\verify.dll
0x0000000065b10000 - 0x0000000065b39000 	C:\Program Files\Java\jdk1.8.0_191\jre\bin\java.dll
0x0000000065af0000 - 0x0000000065b06000 	C:\Program Files\Java\jdk1.8.0_191\jre\bin\zip.dll

VM Arguments:
java_command: <unknown>
java_class_path (initial): .;
Launcher Type: SUN_STANDARD

Environment Variables:
JAVA_HOME=C:\Program Files\Java\jdk1.8.0_191
CLASSPATH=.;
PATH=C:\Python27\;C:\Python27\Scripts;C:\Program Files (x86)\Common Files\Oracle\Java\javapath;C:\Program Files (x86)\NVIDIA Corporation\PhysX\Common;C:\Program Files\Microsoft MPI\Bin\;C:\WINDOWS\system32;C:\WINDOWS;C:\WINDOWS\System32\Wbem;C:\WINDOWS\System32\WindowsPowerShell\v1.0\;C:\WINDOWS\System32\OpenSSH\;C:\Program Files\dotnet\;C:\Program Files\Microsoft SQL Server\130\Tools\Binn\;C:\Program Files\Git\cmd;C:\ProgramData\chocolatey\bin;C:\Program Files\Java\jdk1.8.0_201\bin;C:\Program Files\nodejs\;C:\Program Files (x86)\Brackets\command;C:\Users\admin\AppData\Local\Programs\Python\Python37\Scripts\;C:\Users\admin\AppData\Local\Programs\Python\Python37\;C:\Users\admin\AppData\Local\Microsoft\WindowsApps;C:\Users\admin\AppData\Roaming\npm;C:\Android\Sdk\platform-tools;C:\Android\Sdk\tools;C:\Users\admin\AppData\Local\Programs\Microsoft VS Code\bin;C:\Users\admin\AppData\Local\atom\bin
USERNAME=admin
OS=Windows_NT
PROCESSOR_IDENTIFIER=Intel64 Family 6 Model 69 Stepping 1, GenuineIntel



---------------  S Y S T E M  ---------------

OS: Windows 10.0 , 64 bit Build 17134 (10.0.17134.753)

CPU:total 4 (initial active 4) (2 cores per cpu, 2 threads per core) family 6 model 69 stepping 1, cmov, cx8, fxsr, mmx, sse, sse2, sse3, ssse3, sse4.1, sse4.2, popcnt, avx, avx2, aes, clmul, erms, lzcnt, ht, tsc, tscinvbit, bmi1, bmi2

Memory: 4k page, physical 8290788k(1260384k free), swap 8290788k(5392k free)

vm_info: Java HotSpot(TM) 64-Bit Server VM (25.191-b12) for windows-amd64 JRE (1.8.0_191-b12), built on Oct  6 2018 09:29:03 by "java_re" with MS VC++ 10.0 (VS2010)

time: Wed May 15 20:41:20 2019
elapsed time: 0 seconds (0d 0h 0m 0s)

