#
# There is insufficient memory for the Java Runtime Environment to continue.
# Native memory allocation (malloc) failed to allocate 1048576 bytes for AllocateHeap
# Possible reasons:
#   The system is out of physical RAM or swap space
#   In 32 bit mode, the process size limit was hit
# Possible solutions:
#   Reduce memory load on the system
#   Increase physical memory or swap space
#   Check if swap backing store is full
#   Use 64 bit Java on a 64 bit OS
#   Decrease Java heap size (-Xmx/-Xms)
#   Decrease number of Java threads
#   Decrease Java thread stack sizes (-Xss)
#   Set larger code cache with -XX:ReservedCodeCacheSize=
# This output file may be truncated or incomplete.
#
#  Out of Memory Error (memory/allocation.inline.hpp:61), pid=840, tid=0x00000000000004b0
#
# JRE version:  (8.0_191-b12) (build )
# Java VM: Java HotSpot(TM) 64-Bit Server VM (25.191-b12 mixed mode windows-amd64 compressed oops)
# Failed to write core dump. Minidumps are not enabled by default on client versions of Windows
#

---------------  T H R E A D  ---------------

Current thread (0x000000000260d800):  JavaThread "Unknown thread" [_thread_in_vm, id=1200, stack(0x0000000002610000,0x0000000002710000)]

Stack: [0x0000000002610000,0x0000000002710000]
[error occurred during error reporting (printing stack bounds), id 0xc0000005]

Native frames: (J=compiled Java code, j=interpreted, Vv=VM code, C=native code)


---------------  P R O C E S S  ---------------

Java Threads: ( => current thread )

Other Threads:

=>0x000000000260d800 (exited) JavaThread "Unknown thread" [_thread_in_vm, id=1200, stack(0x0000000002610000,0x0000000002710000)]

VM state:not at safepoint (normal execution)

VM Mutex/Monitor currently owned by a thread: None

Heap:
 PSYoungGen      total 38400K, used 665K [0x00000000d5d00000, 0x00000000d8780000, 0x0000000100000000)
  eden space 33280K, 2% used [0x00000000d5d00000,0x00000000d5da6670,0x00000000d7d80000)
  from space 5120K, 0% used [0x00000000d8280000,0x00000000d8280000,0x00000000d8780000)
  to   space 5120K, 0% used [0x00000000d7d80000,0x00000000d7d80000,0x00000000d8280000)
 ParOldGen       total 87552K, used 0K [0x0000000081600000, 0x0000000086b80000, 0x00000000d5d00000)
  object space 87552K, 0% used [0x0000000081600000,0x0000000081600000,0x0000000086b80000)
 Metaspace       used 775K, capacity 4480K, committed 4480K, reserved 1056768K
  class space    used 76K, capacity 384K, committed 384K, reserved 1048576K

Card table byte_map: [0x0000000011c50000,0x0000000012050000] byte_map_base: 0x0000000011845000

Marking Bits: (ParMarkBitMap*) 0x0000000058823e30
 Begin Bits: [0x0000000012700000, 0x00000000146a8000)
 End Bits:   [0x00000000146a8000, 0x0000000016650000)

Polling page: 0x00000000007c0000

CodeCache: size=245760Kb used=328Kb max_used=328Kb free=245431Kb
 bounds [0x0000000002890000, 0x0000000002b00000, 0x0000000011890000]
 total_blobs=58 nmethods=0 adapters=38
 compilation: enabled

Compilation events (0 events):
No events

GC Heap History (0 events):
No events

Deoptimization events (0 events):
No events

Classes redefined (0 events):
No events

Internal exceptions (0 events):
No events

Events (10 events):
Event: 0.037 loading class java/lang/Short
Event: 0.037 loading class java/lang/Short done
Event: 0.037 loading class java/lang/Integer
Event: 0.037 loading class java/lang/Integer done
Event: 0.037 loading class java/lang/Long
Event: 0.037 loading class java/lang/Long done
Event: 0.041 loading class java/lang/NullPointerException
Event: 0.041 loading class java/lang/NullPointerException done
Event: 0.041 loading class java/lang/ArithmeticException
Event: 0.041 loading class java/lang/ArithmeticException done


Dynamic libraries:
0x00007ff68a100000 - 0x00007ff68a137000 	C:\Program Files\Java\jdk1.8.0_191\bin\java.exe
0x00007ffde8c60000 - 0x00007ffde8e41000 	C:\WINDOWS\SYSTEM32\ntdll.dll
0x00007ffde7250000 - 0x00007ffde7301000 	C:\WINDOWS\System32\KERNEL32.DLL
0x00007ffde5130000 - 0x00007ffde53a3000 	C:\WINDOWS\System32\KERNELBASE.dll
0x00007ffde8ab0000 - 0x00007ffde8b51000 	C:\WINDOWS\System32\ADVAPI32.dll
0x00007ffde6350000 - 0x00007ffde63ee000 	C:\WINDOWS\System32\msvcrt.dll
0x00007ffde6520000 - 0x00007ffde657b000 	C:\WINDOWS\System32\sechost.dll
0x00007ffde63f0000 - 0x00007ffde6514000 	C:\WINDOWS\System32\RPCRT4.dll
0x00007ffde69f0000 - 0x00007ffde6b80000 	C:\WINDOWS\System32\USER32.dll
0x00007ffde5b20000 - 0x00007ffde5b40000 	C:\WINDOWS\System32\win32u.dll
0x00007ffde6580000 - 0x00007ffde65a8000 	C:\WINDOWS\System32\GDI32.dll
0x00007ffde5d60000 - 0x00007ffde5ef2000 	C:\WINDOWS\System32\gdi32full.dll
0x00007ffde5cc0000 - 0x00007ffde5d5f000 	C:\WINDOWS\System32\msvcp_win.dll
0x00007ffde5bc0000 - 0x00007ffde5cb8000 	C:\WINDOWS\System32\ucrtbase.dll
0x00007ffdd9a00000 - 0x00007ffdd9c69000 	C:\WINDOWS\WinSxS\amd64_microsoft.windows.common-controls_6595b64144ccf1df_6.0.17134.706_none_fb43a2cb30647007\COMCTL32.dll
0x00007ffde7310000 - 0x00007ffde7632000 	C:\WINDOWS\System32\combase.dll
0x00007ffde5b40000 - 0x00007ffde5bba000 	C:\WINDOWS\System32\bcryptPrimitives.dll
0x00007ffde8a80000 - 0x00007ffde8aad000 	C:\WINDOWS\System32\IMM32.DLL
0x00000000588b0000 - 0x0000000058982000 	C:\Program Files\Java\jdk1.8.0_191\jre\bin\msvcr100.dll
0x0000000058000000 - 0x00000000588a4000 	C:\Program Files\Java\jdk1.8.0_191\jre\bin\server\jvm.dll
0x00007ffde65b0000 - 0x00007ffde65b8000 	C:\WINDOWS\System32\PSAPI.DLL
0x00007ffdd47c0000 - 0x00007ffdd47c9000 	C:\WINDOWS\SYSTEM32\WSOCK32.dll
0x00007ffde60f0000 - 0x00007ffde615c000 	C:\WINDOWS\System32\WS2_32.dll
0x00007ffde2c40000 - 0x00007ffde2c63000 	C:\WINDOWS\SYSTEM32\WINMM.dll
0x00007ffddeaf0000 - 0x00007ffddeafa000 	C:\WINDOWS\SYSTEM32\VERSION.dll
0x00007ffde2c10000 - 0x00007ffde2c3a000 	C:\WINDOWS\SYSTEM32\WINMMBASE.dll
0x00007ffde50e0000 - 0x00007ffde5129000 	C:\WINDOWS\System32\cfgmgr32.dll
0x000000005a180000 - 0x000000005a18f000 	C:\Program Files\Java\jdk1.8.0_191\jre\bin\verify.dll
0x0000000059520000 - 0x0000000059549000 	C:\Program Files\Java\jdk1.8.0_191\jre\bin\java.dll
0x0000000059500000 - 0x0000000059516000 	C:\Program Files\Java\jdk1.8.0_191\jre\bin\zip.dll

VM Arguments:
java_command: <unknown>
java_class_path (initial): .;
Launcher Type: SUN_STANDARD

Environment Variables:
JAVA_HOME=C:\Program Files\Java\jdk1.8.0_191
CLASSPATH=.;
PATH=C:\Python27\;C:\Python27\Scripts;C:\Program Files (x86)\Common Files\Oracle\Java\javapath;C:\Program Files (x86)\NVIDIA Corporation\PhysX\Common;C:\Program Files\Microsoft MPI\Bin\;C:\WINDOWS\system32;C:\WINDOWS;C:\WINDOWS\System32\Wbem;C:\WINDOWS\System32\WindowsPowerShell\v1.0\;C:\WINDOWS\System32\OpenSSH\;C:\Program Files\dotnet\;C:\Program Files\Microsoft SQL Server\130\Tools\Binn\;C:\Program Files\Git\cmd;C:\ProgramData\chocolatey\bin;C:\Program Files\Java\jdk1.8.0_201\bin;C:\Program Files\nodejs\;C:\Users\admin\AppData\Local\Microsoft\WindowsApps;C:\Users\admin\AppData\Roaming\npm;C:\Android\Sdk\platform-tools;C:\Android\Sdk\tools;;C:\Users\admin\AppData\Local\Programs\Microsoft VS Code\bin
USERNAME=admin
OS=Windows_NT
PROCESSOR_IDENTIFIER=Intel64 Family 6 Model 69 Stepping 1, GenuineIntel



---------------  S Y S T E M  ---------------

OS: Windows 10.0 , 64 bit Build 17134 (10.0.17134.706)

CPU:total 4 (initial active 4) (2 cores per cpu, 2 threads per core) family 6 model 69 stepping 1, cmov, cx8, fxsr, mmx, sse, sse2, sse3, ssse3, sse4.1, sse4.2, popcnt, avx, avx2, aes, clmul, erms, lzcnt, ht, tsc, tscinvbit, bmi1, bmi2

Memory: 4k page, physical 8290788k(1665588k free), swap 8290788k(5884k free)

vm_info: Java HotSpot(TM) 64-Bit Server VM (25.191-b12) for windows-amd64 JRE (1.8.0_191-b12), built on Oct  6 2018 09:29:03 by "java_re" with MS VC++ 10.0 (VS2010)

time: Tue Apr 16 18:10:19 2019
elapsed time: 0 seconds (0d 0h 0m 0s)

